\BOOKMARK [1][-]{section.1}{\376\377\004\036\004\101\004\075\004\076\004\062\004\113\000\040\004\074\004\060\004\102\004\065\004\074\004\060\004\102\004\070\004\107\004\065\004\101\004\072\004\076\004\071\000\040\004\101\004\102\004\060\004\102\004\070\004\101\004\102\004\070\004\072\004\070}{}% 1
\BOOKMARK [2][-]{subsection.1.1}{\376\377\004\034\004\065\004\102\004\076\004\064\004\113\000\040\004\062\004\113\004\062\004\076\004\064\004\060}{section.1}% 2
\BOOKMARK [2][-]{subsection.1.2}{\376\377\004\034\004\065\004\102\004\076\004\064\004\113\000\040\004\107\004\070\004\101\004\073\004\065\004\075\004\075\004\076\004\063\004\076\000\040\004\062\004\113\004\107\004\070\004\101\004\073\004\065\004\075\004\070\004\117\000\040\004\070\004\075\004\102\004\065\004\063\004\100\004\060\004\073\004\076\004\062}{section.1}% 3
\BOOKMARK [3][-]{subsubsection.1.2.1}{\376\377\004\034\004\065\004\102\004\076\004\064\000\040\004\077\004\100\004\117\004\074\004\076\004\103\004\063\004\076\004\073\004\114\004\075\004\070\004\072\004\076\004\062}{subsection.1.2}% 4
\BOOKMARK [3][-]{subsubsection.1.2.2}{\376\377\004\034\004\065\004\102\004\076\004\064\000\040\004\034\004\076\004\075\004\102\004\065\000-\004\032\004\060\004\100\004\073\004\076}{subsection.1.2}% 5
\BOOKMARK [3][-]{subsubsection.1.2.3}{\376\377\004\041\004\100\004\060\004\062\004\075\004\065\004\075\004\070\004\065\000\040\004\074\004\065\004\102\004\076\004\064\004\076\004\062}{subsection.1.2}% 6
\BOOKMARK [1][-]{section.2}{\376\377\004\042\004\076\004\107\004\065\004\107\004\075\004\113\004\065\000\040\004\070\000\040\004\070\004\075\004\102\004\065\004\100\004\062\004\060\004\073\004\114\004\075\004\113\004\065\000\040\004\076\004\106\004\065\004\075\004\072\004\070}{}% 7
\BOOKMARK [2][-]{subsection.2.1}{\376\377\004\041\004\062\004\076\004\071\004\101\004\102\004\062\004\060\000\040\004\076\004\106\004\065\004\075\004\076\004\072}{section.2}% 8
\BOOKMARK [2][-]{subsection.2.2}{\376\377\004\035\004\060\004\101\004\073\004\065\004\064\004\076\004\062\004\060\004\075\004\070\004\065\000\040\004\101\004\062\004\076\004\071\004\101\004\102\004\062\000\040\004\076\004\106\004\065\004\075\004\076\004\072}{section.2}% 9
\BOOKMARK [2][-]{subsection.2.3}{\376\377\004\024\004\076\004\062\004\065\004\100\004\070\004\102\004\065\004\073\004\114\004\075\004\113\004\065\000\040\004\070\004\075\004\102\004\065\004\100\004\062\004\060\004\073\004\113}{section.2}% 10
\BOOKMARK [2][-]{subsection.2.4}{\376\377\004\046\004\065\004\075\004\102\004\100\004\060\004\073\004\114\004\075\004\113\004\071\000\040\004\070\004\075\004\102\004\100\004\065\004\062\004\060\004\073\000\040\000\050\004\034\004\065\004\102\004\076\004\064\000\040\004\106\004\065\004\075\004\102\004\100\004\060\004\073\004\114\004\075\004\076\004\071\000\040\004\104\004\103\004\075\004\072\004\106\004\070\004\070\000\051}{section.2}% 11
\BOOKMARK [2][-]{subsection.2.5}{\376\377\004\020\004\101\004\101\004\070\004\074\004\077\004\102\004\076\004\102\004\070\004\107\004\065\004\101\004\072\004\070\004\071\000\040\004\064\004\076\004\062\004\065\004\100\004\070\004\102\004\065\004\073\004\114\004\075\004\113\004\071\000\040\004\070\004\075\004\102\004\065\004\100\004\062\004\060\004\073\000\040\004\022\004\060\004\073\004\114\004\064\004\060}{section.2}% 12
\BOOKMARK [2][-]{subsection.2.6}{\376\377\004\042\004\076\004\107\004\075\004\113\004\065\000\040\004\064\004\076\004\062\004\065\004\100\004\070\004\102\004\065\004\073\004\114\004\075\004\113\004\065\000\040\004\070\004\075\004\102\004\065\004\100\004\062\004\060\004\073\004\113\000\040\004\062\000\040\004\075\004\076\004\100\004\074\004\060\004\073\004\114\004\075\004\076\004\071\000\040\004\074\004\076\004\064\004\065\004\073\004\070}{section.2}% 13
\BOOKMARK [1][-]{section.3}{\376\377\004\034\004\065\004\102\004\076\004\064\004\113\000\040\004\077\004\076\004\070\004\101\004\072\004\060\000\040\004\070\000\040\004\101\004\100\004\060\004\062\004\075\004\065\004\075\004\070\004\117\000\040\004\076\004\106\004\065\004\075\004\076\004\072}{}% 14
\BOOKMARK [2][-]{subsection.3.1}{\376\377\004\034\004\065\004\102\004\076\004\064\000\040\004\074\004\060\004\072\004\101\004\070\004\074\004\060\004\073\004\114\004\075\004\076\004\063\004\076\000\040\004\077\004\100\004\060\004\062\004\064\004\076\004\077\004\076\004\064\004\076\004\061\004\070\004\117}{section.3}% 15
\BOOKMARK [2][-]{subsection.3.2}{\376\377\004\022\004\113\004\061\004\076\004\100\004\076\004\107\004\075\004\113\004\065\000\040\004\072\004\062\004\060\004\075\004\102\004\070\004\073\004\070}{section.3}% 16
\BOOKMARK [2][-]{subsection.3.3}{\376\377\004\041\004\062\004\076\004\071\004\101\004\102\004\062\004\060\000\040\004\076\004\106\004\065\004\075\004\076\004\072\000\040\004\062\000\040\004\074\004\076\004\064\004\065\004\073\004\070\000\040\004\073\004\070\004\075\004\065\004\071\004\075\004\076\004\071\000\040\004\100\004\065\004\063\004\100\004\065\004\101\004\101\004\070\004\070\000\040\004\077\004\100\004\070\000\040\004\075\004\065\004\101\004\074\004\065\004\111\004\121\004\075\004\075\004\076\004\101\004\102\004\070\000\040\004\070\000\040\004\063\004\076\004\074\004\076\004\101\004\072\004\065\004\064\004\060\004\101\004\102\004\070\004\107\004\075\004\076\004\101\004\102\004\114\000\040\004\110\004\103\004\074\004\060}{section.3}% 17
\BOOKMARK [2][-]{subsection.3.4}{\376\377\004\041\004\100\004\060\004\062\004\075\004\065\004\075\004\070\004\065\000\040\004\076\004\106\004\065\004\075\004\076\004\072}{section.3}% 18
\BOOKMARK [3][-]{subsubsection.3.4.1}{\376\377\004\040\004\060\004\062\004\075\004\076\004\074\004\065\004\100\004\075\004\113\004\071}{subsection.3.4}% 19
\BOOKMARK [3][-]{subsubsection.3.4.2}{\376\377\004\021\004\060\004\071\004\065\004\101\004\076\004\062\004\101\004\072\004\070\004\071}{subsection.3.4}% 20
\BOOKMARK [3][-]{subsubsection.3.4.3}{\376\377\000M\000i\000n\000-\000M\000a\000x\000\040\004\077\004\076\004\064\004\105\004\076\004\064}{subsection.3.4}% 21
\BOOKMARK [3][-]{subsubsection.3.4.4}{\376\377\004\020\004\101\004\101\004\070\004\074\004\077\004\102\004\076\004\102\004\070\004\107\004\065\004\101\004\072\004\070\004\071\000\040\000\050\004\064\004\073\004\117\000\040\004\072\004\073\004\060\004\101\004\101\004\060\000\040\004\060\000.\004\075\000.\000\040\004\076\004\106\004\065\004\075\004\076\004\072\000\051}{subsection.3.4}% 22
\BOOKMARK [2][-]{subsection.3.5}{\376\377\004\024\004\076\004\101\004\102\004\060\004\102\004\076\004\107\004\075\004\113\004\065\000\040\004\101\004\102\004\060\004\102\004\070\004\101\004\102\004\070\004\072\004\070}{section.3}% 23
\BOOKMARK [2][-]{subsection.3.6}{\376\377\004\055\004\072\004\101\004\077\004\076\004\075\004\065\004\075\004\106\004\070\004\060\004\073\004\114\004\075\004\113\004\071\000\040\004\072\004\073\004\060\004\101\004\101\000\040\004\100\004\060\004\101\004\077\004\100\004\065\004\064\004\065\004\073\004\065\004\075\004\070\004\071}{section.3}% 24
\BOOKMARK [2][-]{subsection.3.7}{\376\377\004\037\004\100\004\070\004\061\004\073\004\070\004\066\004\121\004\075\004\075\004\113\004\071\000\040\004\077\004\076\004\070\004\101\004\072\000\040\004\036\004\034\004\037\000.\000\040\004\034\004\065\004\102\004\076\004\064\000\040\004\035\004\114\004\116\004\102\004\076\004\075\004\060\000\040\004\064\004\073\004\117\000\040\004\100\004\065\004\110\004\065\004\075\004\070\004\117\000\040\004\103\004\100\004\062\004\060\004\075\004\065\004\075\004\070\004\117\000\040\000f\000\050\000x\000\051\000\040\000=\000\040\0000}{section.3}% 25
\BOOKMARK [2][-]{subsection.3.8}{\376\377\000R\000o\000b\000u\000s\000t\000n\000e\000s\000s\000\040\004\070\000\040\004\101\004\070\004\074\004\074\004\065\004\102\004\100\004\070\004\107\004\075\004\113\004\065\000\040\004\100\004\060\004\101\004\077\004\100\004\065\004\064\004\065\004\073\004\065\004\075\004\070\004\117}{section.3}% 26
\BOOKMARK [3][-]{subsubsection.3.8.1}{\376\377\004\043\004\101\004\065\004\107\004\121\004\075\004\075\004\076\004\065\000\040\004\101\004\100\004\065\004\064\004\075\004\065\004\065}{subsection.3.8}% 27
\BOOKMARK [3][-]{subsubsection.3.8.2}{\376\377\004\034\004\065\004\064\004\070\004\060\004\075\004\060\000\040\004\101\004\100\004\065\004\064\004\075\004\070\004\105\000\040\004\043\004\076\004\073\004\110\004\060}{subsection.3.8}% 28
\BOOKMARK [1][-]{section.4}{\376\377\004\037\004\100\004\076\004\062\004\065\004\100\004\072\004\060\000\040\004\101\004\102\004\060\004\102\004\070\004\101\004\102\004\070\004\107\004\065\004\101\004\072\004\070\004\105\000\040\004\063\004\070\004\077\004\076\004\102\004\065\004\067}{}% 29
\BOOKMARK [2][-]{subsection.4.1}{\376\377\004\023\004\070\004\077\004\076\004\102\004\065\004\067\004\113\000\040\004\070\000\040\004\072\004\100\004\070\004\102\004\065\004\100\004\070\004\070}{section.4}% 30
\BOOKMARK [2][-]{subsection.4.2}{\376\377\004\032\004\100\004\070\004\102\004\065\004\100\004\070\004\071\000\040\004\022\004\060\004\073\004\114\004\064\004\060}{section.4}% 31
\BOOKMARK [2][-]{subsection.4.3}{\376\377\004\032\004\100\004\070\004\102\004\065\004\100\004\070\004\070\000\040\004\076\004\102\004\075\004\076\004\110\004\065\004\075\004\070\004\117\000\040\004\077\004\100\004\060\004\062\004\064\004\076\004\077\004\076\004\064\004\076\004\061\004\070\004\117}{section.4}% 32
\BOOKMARK [1][-]{section.5}{\376\377\004\035\004\065\004\077\004\060\004\100\004\060\004\074\004\065\004\102\004\100\004\070\004\107\004\065\004\101\004\072\004\070\004\071\000\040\004\077\004\076\004\064\004\105\004\076\004\064}{}% 33
\BOOKMARK [2][-]{subsection.5.1}{\376\377\004\055\004\074\004\077\004\065\004\100\004\070\004\107\004\065\004\101\004\072\004\076\004\065\000\040\004\100\004\060\004\101\004\077\004\100\004\065\004\064\004\065\004\073\004\065\004\075\004\070\004\065}{section.5}% 34
\BOOKMARK [2][-]{subsection.5.2}{\376\377\004\034\004\065\004\102\004\076\004\064\000\040\004\077\004\076\004\064\004\101\004\102\004\060\004\075\004\076\004\062\004\072\004\070}{section.5}% 35
